[2021-04-06 03:04:42,575] {taskinstance.py:851} INFO - Dependencies all met for <TaskInstance: udac_example_dag.load_songs_from_s3_to_redshift 2021-04-05T00:00:00+00:00 [queued]>
[2021-04-06 03:04:42,666] {taskinstance.py:851} INFO - Dependencies all met for <TaskInstance: udac_example_dag.load_songs_from_s3_to_redshift 2021-04-05T00:00:00+00:00 [queued]>
[2021-04-06 03:04:42,669] {taskinstance.py:1042} INFO - 
--------------------------------------------------------------------------------
[2021-04-06 03:04:42,672] {taskinstance.py:1043} INFO - Starting attempt 1 of 4
[2021-04-06 03:04:42,673] {taskinstance.py:1044} INFO - 
--------------------------------------------------------------------------------
[2021-04-06 03:04:42,719] {taskinstance.py:1063} INFO - Executing <Task(StageToRedshiftOperator): load_songs_from_s3_to_redshift> on 2021-04-05T00:00:00+00:00
[2021-04-06 03:04:42,735] {standard_task_runner.py:52} INFO - Started process 140 to run task
[2021-04-06 03:04:42,768] {standard_task_runner.py:76} INFO - Running: ['airflow', 'tasks', 'run', 'udac_example_dag', 'load_songs_from_s3_to_redshift', '2021-04-05T00:00:00+00:00', '--job-id', '52', '--pool', 'default_pool', '--raw', '--subdir', 'DAGS_FOLDER/udac_example_dag.py', '--cfg-path', '/tmp/tmpl661ka_3', '--error-file', '/tmp/tmpn68kqy8e']
[2021-04-06 03:04:42,778] {standard_task_runner.py:77} INFO - Job 52: Subtask load_songs_from_s3_to_redshift
[2021-04-06 03:04:42,955] {logging_mixin.py:104} INFO - Running <TaskInstance: udac_example_dag.load_songs_from_s3_to_redshift 2021-04-05T00:00:00+00:00 [running]> on host 0ccaa9d2b3f1
[2021-04-06 03:04:43,059] {taskinstance.py:1257} INFO - Exporting the following env vars:
AIRFLOW_CTX_DAG_OWNER=udacity
AIRFLOW_CTX_DAG_ID=udac_example_dag
AIRFLOW_CTX_TASK_ID=load_songs_from_s3_to_redshift
AIRFLOW_CTX_EXECUTION_DATE=2021-04-05T00:00:00+00:00
AIRFLOW_CTX_DAG_RUN_ID=scheduled__2021-04-05T00:00:00+00:00
[2021-04-06 03:04:43,061] {stage_redshift.py:33} INFO - Clearing staging table staging_songs in Redshift
[2021-04-06 03:04:43,077] {base.py:74} INFO - Using connection to: id: redshift. Host: sparkify-redshift.c5c7ovgg2wrr.us-west-2.redshift.amazonaws.com, Port: 5439, Schema: sparkify-song-analytics, Login: data.engineer, Password: XXXXXXXX, extra: None
[2021-04-06 03:04:43,705] {dbapi.py:180} INFO - Running statement: 
        BEGIN; 
        DELETE FROM staging_songs; 
        COMMIT;
    , parameters: None
[2021-04-06 03:07:48,799] {dbapi.py:186} INFO - Rows affected: -1
[2021-04-06 03:07:48,889] {stage_redshift.py:40} INFO - Copying data from S3 to staging table in Redshift
[2021-04-06 03:07:48,891] {base_aws.py:362} INFO - Airflow Connection: aws_conn_id=aws_credentials
[2021-04-06 03:07:48,901] {base_aws.py:160} INFO - Credentials retrieved from login
[2021-04-06 03:07:48,903] {base_aws.py:81} INFO - Creating session with aws_access_key_id=AKIAXV53R5BDTO7XCN5L region_name=('us-west-2',)
[2021-04-06 03:07:48,924] {base_aws.py:151} INFO - role_arn is None
[2021-04-06 03:07:48,936] {base.py:74} INFO - Using connection to: id: redshift. Host: sparkify-redshift.c5c7ovgg2wrr.us-west-2.redshift.amazonaws.com, Port: 5439, Schema: sparkify-song-analytics, Login: data.engineer, Password: XXXXXXXX, extra: None
[2021-04-06 03:07:49,554] {dbapi.py:180} INFO - Running statement: 
        COPY staging_songs
        FROM 's3://udacity-dend/song_data'
        ACCESS_KEY_ID 'AKIAXV53R5BDTO7XCN5L'
        SECRET_ACCESS_KEY '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'
        JSON 'auto';
    , parameters: None
[2021-04-06 03:14:31,888] {dbapi.py:186} INFO - Rows affected: -1
[2021-04-06 03:14:32,196] {taskinstance.py:1166} INFO - Marking task as SUCCESS. dag_id=udac_example_dag, task_id=load_songs_from_s3_to_redshift, execution_date=20210405T000000, start_date=20210406T030442, end_date=20210406T031432
[2021-04-06 03:14:32,228] {taskinstance.py:1220} INFO - 1 downstream tasks scheduled from follow-on schedule check
[2021-04-06 03:14:32,251] {local_task_job.py:146} INFO - Task exited with return code 0
