[2021-04-06 02:48:40,092] {taskinstance.py:851} INFO - Dependencies all met for <TaskInstance: udac_example_dag.Create_tables 2021-04-03T00:00:00+00:00 [queued]>
[2021-04-06 02:48:40,116] {taskinstance.py:851} INFO - Dependencies all met for <TaskInstance: udac_example_dag.Create_tables 2021-04-03T00:00:00+00:00 [queued]>
[2021-04-06 02:48:40,118] {taskinstance.py:1042} INFO - 
--------------------------------------------------------------------------------
[2021-04-06 02:48:40,119] {taskinstance.py:1043} INFO - Starting attempt 1 of 4
[2021-04-06 02:48:40,121] {taskinstance.py:1044} INFO - 
--------------------------------------------------------------------------------
[2021-04-06 02:48:40,137] {taskinstance.py:1063} INFO - Executing <Task(CreateTablesOperator): Create_tables> on 2021-04-03T00:00:00+00:00
[2021-04-06 02:48:40,142] {standard_task_runner.py:52} INFO - Started process 63 to run task
[2021-04-06 02:48:40,166] {standard_task_runner.py:76} INFO - Running: ['airflow', 'tasks', 'run', 'udac_example_dag', 'Create_tables', '2021-04-03T00:00:00+00:00', '--job-id', '12', '--pool', 'default_pool', '--raw', '--subdir', 'DAGS_FOLDER/udac_example_dag.py', '--cfg-path', '/tmp/tmpp6mtrske', '--error-file', '/tmp/tmpigi8n6vz']
[2021-04-06 02:48:40,169] {standard_task_runner.py:77} INFO - Job 12: Subtask Create_tables
[2021-04-06 02:48:40,286] {logging_mixin.py:104} INFO - Running <TaskInstance: udac_example_dag.Create_tables 2021-04-03T00:00:00+00:00 [running]> on host 0ccaa9d2b3f1
[2021-04-06 02:48:40,363] {taskinstance.py:1257} INFO - Exporting the following env vars:
AIRFLOW_CTX_DAG_OWNER=udacity
AIRFLOW_CTX_DAG_ID=udac_example_dag
AIRFLOW_CTX_TASK_ID=Create_tables
AIRFLOW_CTX_EXECUTION_DATE=2021-04-03T00:00:00+00:00
AIRFLOW_CTX_DAG_RUN_ID=scheduled__2021-04-03T00:00:00+00:00
[2021-04-06 02:48:40,365] {create_tables.py:21} INFO - Creating all tables in schema:
[2021-04-06 02:48:40,400] {taskinstance.py:1455} ERROR - The conn_id `redshift` isn't defined
Traceback (most recent call last):
  File "/home/airflow/.local/lib/python3.6/site-packages/airflow/models/taskinstance.py", line 1112, in _run_raw_task
    self._prepare_and_execute_task_with_callbacks(context, task)
  File "/home/airflow/.local/lib/python3.6/site-packages/airflow/models/taskinstance.py", line 1285, in _prepare_and_execute_task_with_callbacks
    result = self._execute_task(context, task_copy)
  File "/home/airflow/.local/lib/python3.6/site-packages/airflow/models/taskinstance.py", line 1315, in _execute_task
    result = task_copy.execute(context=context)
  File "/opt/airflow/plugins/operators/create_tables.py", line 22, in execute
    [redshift.run(create_table) for create_table in SqlQueries.create_table_queries]
  File "/opt/airflow/plugins/operators/create_tables.py", line 22, in <listcomp>
    [redshift.run(create_table) for create_table in SqlQueries.create_table_queries]
  File "/home/airflow/.local/lib/python3.6/site-packages/airflow/hooks/dbapi.py", line 173, in run
    with closing(self.get_conn()) as conn:
  File "/home/airflow/.local/lib/python3.6/site-packages/airflow/providers/postgres/hooks/postgres.py", line 83, in get_conn
    conn = self.connection or self.get_connection(conn_id)
  File "/home/airflow/.local/lib/python3.6/site-packages/airflow/hooks/base.py", line 63, in get_connection
    conn = Connection.get_connection_from_secrets(conn_id)
  File "/home/airflow/.local/lib/python3.6/site-packages/airflow/models/connection.py", line 354, in get_connection_from_secrets
    raise AirflowNotFoundException(f"The conn_id `{conn_id}` isn't defined")
airflow.exceptions.AirflowNotFoundException: The conn_id `redshift` isn't defined
[2021-04-06 02:48:40,411] {taskinstance.py:1503} INFO - Marking task as UP_FOR_RETRY. dag_id=udac_example_dag, task_id=Create_tables, execution_date=20210403T000000, start_date=20210406T024840, end_date=20210406T024840
[2021-04-06 02:48:40,488] {local_task_job.py:146} INFO - Task exited with return code 1
