[2021-04-06 03:14:33,103] {taskinstance.py:851} INFO - Dependencies all met for <TaskInstance: udac_example_dag.Load_songplays_fact_table 2021-04-05T00:00:00+00:00 [queued]>
[2021-04-06 03:14:33,119] {taskinstance.py:851} INFO - Dependencies all met for <TaskInstance: udac_example_dag.Load_songplays_fact_table 2021-04-05T00:00:00+00:00 [queued]>
[2021-04-06 03:14:33,120] {taskinstance.py:1042} INFO - 
--------------------------------------------------------------------------------
[2021-04-06 03:14:33,121] {taskinstance.py:1043} INFO - Starting attempt 1 of 4
[2021-04-06 03:14:33,121] {taskinstance.py:1044} INFO - 
--------------------------------------------------------------------------------
[2021-04-06 03:14:33,130] {taskinstance.py:1063} INFO - Executing <Task(LoadFactOperator): Load_songplays_fact_table> on 2021-04-05T00:00:00+00:00
[2021-04-06 03:14:33,134] {standard_task_runner.py:52} INFO - Started process 189 to run task
[2021-04-06 03:14:33,139] {standard_task_runner.py:76} INFO - Running: ['airflow', 'tasks', 'run', 'udac_example_dag', 'Load_songplays_fact_table', '2021-04-05T00:00:00+00:00', '--job-id', '76', '--pool', 'default_pool', '--raw', '--subdir', 'DAGS_FOLDER/udac_example_dag.py', '--cfg-path', '/tmp/tmp1qn25v3q', '--error-file', '/tmp/tmpkl2ylguq']
[2021-04-06 03:14:33,140] {standard_task_runner.py:77} INFO - Job 76: Subtask Load_songplays_fact_table
[2021-04-06 03:14:33,187] {logging_mixin.py:104} INFO - Running <TaskInstance: udac_example_dag.Load_songplays_fact_table 2021-04-05T00:00:00+00:00 [running]> on host 0ccaa9d2b3f1
[2021-04-06 03:14:33,229] {taskinstance.py:1257} INFO - Exporting the following env vars:
AIRFLOW_CTX_DAG_OWNER=udacity
AIRFLOW_CTX_DAG_ID=udac_example_dag
AIRFLOW_CTX_TASK_ID=Load_songplays_fact_table
AIRFLOW_CTX_EXECUTION_DATE=2021-04-05T00:00:00+00:00
AIRFLOW_CTX_DAG_RUN_ID=scheduled__2021-04-05T00:00:00+00:00
[2021-04-06 03:14:33,231] {load_fact.py:25} INFO - Clearing table...
[2021-04-06 03:14:33,242] {base.py:74} INFO - Using connection to: id: redshift. Host: sparkify-redshift.c5c7ovgg2wrr.us-west-2.redshift.amazonaws.com, Port: 5439, Schema: sparkify-song-analytics, Login: data.engineer, Password: XXXXXXXX, extra: None
[2021-04-06 03:14:33,915] {dbapi.py:180} INFO - Running statement: 
        BEGIN; 
        DELETE FROM songplays; 
        COMMIT;
    , parameters: None
[2021-04-06 03:14:48,243] {dbapi.py:186} INFO - Rows affected: -1
[2021-04-06 03:14:48,364] {load_fact.py:28} INFO - Loading data...
[2021-04-06 03:14:48,376] {base.py:74} INFO - Using connection to: id: redshift. Host: sparkify-redshift.c5c7ovgg2wrr.us-west-2.redshift.amazonaws.com, Port: 5439, Schema: sparkify-song-analytics, Login: data.engineer, Password: XXXXXXXX, extra: None
[2021-04-06 03:14:49,239] {dbapi.py:180} INFO - Running statement: 
        BEGIN; 
        INSERT INTO songplays (
            playid,
            start_time,
            userid,
            level,
            songid,
            artistid,
            sessionid,
            location,
            user_agent
        )
        SELECT
                md5(events.sessionid || events.start_time) songplay_id,
                events.start_time, 
                events.userid, 
                events.level, 
                songs.song_id, 
                songs.artist_id, 
                events.sessionid, 
                events.location, 
                events.useragent
                FROM (SELECT TIMESTAMP 'epoch' + ts/1000 * interval '1 second' AS start_time, *
            FROM staging_events
            WHERE page='NextSong') events
            LEFT JOIN staging_songs songs
            ON events.song = songs.title
                AND events.artist = songs.artist_name
                AND events.length = songs.duration;
        COMMIT;
    , parameters: None
[2021-04-06 03:14:50,841] {dbapi.py:186} INFO - Rows affected: -1
[2021-04-06 03:14:50,983] {taskinstance.py:1166} INFO - Marking task as SUCCESS. dag_id=udac_example_dag, task_id=Load_songplays_fact_table, execution_date=20210405T000000, start_date=20210406T031433, end_date=20210406T031450
[2021-04-06 03:14:51,017] {taskinstance.py:1220} INFO - 4 downstream tasks scheduled from follow-on schedule check
[2021-04-06 03:14:51,065] {local_task_job.py:146} INFO - Task exited with return code 0
