[2021-04-06 03:20:00,302] {taskinstance.py:851} INFO - Dependencies all met for <TaskInstance: udac_example_dag.Run_data_quality_checks 2021-03-30T00:00:00+00:00 [queued]>
[2021-04-06 03:20:00,324] {taskinstance.py:851} INFO - Dependencies all met for <TaskInstance: udac_example_dag.Run_data_quality_checks 2021-03-30T00:00:00+00:00 [queued]>
[2021-04-06 03:20:00,325] {taskinstance.py:1042} INFO - 
--------------------------------------------------------------------------------
[2021-04-06 03:20:00,326] {taskinstance.py:1043} INFO - Starting attempt 2 of 4
[2021-04-06 03:20:00,326] {taskinstance.py:1044} INFO - 
--------------------------------------------------------------------------------
[2021-04-06 03:20:00,344] {taskinstance.py:1063} INFO - Executing <Task(DataQualityOperator): Run_data_quality_checks> on 2021-03-30T00:00:00+00:00
[2021-04-06 03:20:00,360] {standard_task_runner.py:76} INFO - Running: ['airflow', 'tasks', 'run', 'udac_example_dag', 'Run_data_quality_checks', '2021-03-30T00:00:00+00:00', '--job-id', '108', '--pool', 'default_pool', '--raw', '--subdir', 'DAGS_FOLDER/udac_example_dag.py', '--cfg-path', '/tmp/tmphvnq82qw', '--error-file', '/tmp/tmpxsfhg_wp']
[2021-04-06 03:20:00,362] {standard_task_runner.py:77} INFO - Job 108: Subtask Run_data_quality_checks
[2021-04-06 03:20:00,354] {standard_task_runner.py:52} INFO - Started process 254 to run task
[2021-04-06 03:20:00,420] {logging_mixin.py:104} INFO - Running <TaskInstance: udac_example_dag.Run_data_quality_checks 2021-03-30T00:00:00+00:00 [running]> on host 0ccaa9d2b3f1
[2021-04-06 03:20:00,468] {taskinstance.py:1257} INFO - Exporting the following env vars:
AIRFLOW_CTX_DAG_OWNER=udacity
AIRFLOW_CTX_DAG_ID=udac_example_dag
AIRFLOW_CTX_TASK_ID=Run_data_quality_checks
AIRFLOW_CTX_EXECUTION_DATE=2021-03-30T00:00:00+00:00
AIRFLOW_CTX_DAG_RUN_ID=scheduled__2021-03-30T00:00:00+00:00
[2021-04-06 03:20:00,482] {base.py:74} INFO - Using connection to: id: redshift. Host: sparkify-redshift.c5c7ovgg2wrr.us-west-2.redshift.amazonaws.com, Port: 5439, Schema: sparkify-song-analytics, Login: data.engineer, Password: XXXXXXXX, extra: None
[2021-04-06 03:20:01,226] {data_quality.py:33} INFO - Data quality on table staging_events check passed with 8056 records
[2021-04-06 03:20:01,239] {base.py:74} INFO - Using connection to: id: redshift. Host: sparkify-redshift.c5c7ovgg2wrr.us-west-2.redshift.amazonaws.com, Port: 5439, Schema: sparkify-song-analytics, Login: data.engineer, Password: XXXXXXXX, extra: None
[2021-04-06 03:20:01,964] {data_quality.py:33} INFO - Data quality on table staging_songs check passed with 14896 records
[2021-04-06 03:20:01,975] {base.py:74} INFO - Using connection to: id: redshift. Host: sparkify-redshift.c5c7ovgg2wrr.us-west-2.redshift.amazonaws.com, Port: 5439, Schema: sparkify-song-analytics, Login: data.engineer, Password: XXXXXXXX, extra: None
[2021-04-06 03:20:02,717] {data_quality.py:33} INFO - Data quality on table users check passed with 104 records
[2021-04-06 03:20:02,730] {base.py:74} INFO - Using connection to: id: redshift. Host: sparkify-redshift.c5c7ovgg2wrr.us-west-2.redshift.amazonaws.com, Port: 5439, Schema: sparkify-song-analytics, Login: data.engineer, Password: XXXXXXXX, extra: None
[2021-04-06 03:20:03,518] {data_quality.py:33} INFO - Data quality on table timeplays check passed with 6820 records
[2021-04-06 03:20:03,546] {base.py:74} INFO - Using connection to: id: redshift. Host: sparkify-redshift.c5c7ovgg2wrr.us-west-2.redshift.amazonaws.com, Port: 5439, Schema: sparkify-song-analytics, Login: data.engineer, Password: XXXXXXXX, extra: None
[2021-04-06 03:20:04,463] {data_quality.py:33} INFO - Data quality on table artists check passed with 10025 records
[2021-04-06 03:20:04,474] {base.py:74} INFO - Using connection to: id: redshift. Host: sparkify-redshift.c5c7ovgg2wrr.us-west-2.redshift.amazonaws.com, Port: 5439, Schema: sparkify-song-analytics, Login: data.engineer, Password: XXXXXXXX, extra: None
[2021-04-06 03:20:05,209] {data_quality.py:33} INFO - Data quality on table songs check passed with 14896 records
[2021-04-06 03:20:05,220] {base.py:74} INFO - Using connection to: id: redshift. Host: sparkify-redshift.c5c7ovgg2wrr.us-west-2.redshift.amazonaws.com, Port: 5439, Schema: sparkify-song-analytics, Login: data.engineer, Password: XXXXXXXX, extra: None
[2021-04-06 03:20:05,980] {data_quality.py:33} INFO - Data quality on table songplays check passed with 6820 records
[2021-04-06 03:20:05,993] {taskinstance.py:1166} INFO - Marking task as SUCCESS. dag_id=udac_example_dag, task_id=Run_data_quality_checks, execution_date=20210330T000000, start_date=20210406T032000, end_date=20210406T032005
[2021-04-06 03:20:06,031] {taskinstance.py:1220} INFO - 1 downstream tasks scheduled from follow-on schedule check
[2021-04-06 03:20:06,065] {local_task_job.py:146} INFO - Task exited with return code 0
