[2021-04-06 03:14:42,681] {taskinstance.py:851} INFO - Dependencies all met for <TaskInstance: udac_example_dag.Load_user_dim_table 2021-03-30T00:00:00+00:00 [queued]>
[2021-04-06 03:14:42,717] {taskinstance.py:851} INFO - Dependencies all met for <TaskInstance: udac_example_dag.Load_user_dim_table 2021-03-30T00:00:00+00:00 [queued]>
[2021-04-06 03:14:42,718] {taskinstance.py:1042} INFO - 
--------------------------------------------------------------------------------
[2021-04-06 03:14:42,719] {taskinstance.py:1043} INFO - Starting attempt 1 of 4
[2021-04-06 03:14:42,721] {taskinstance.py:1044} INFO - 
--------------------------------------------------------------------------------
[2021-04-06 03:14:42,752] {taskinstance.py:1063} INFO - Executing <Task(LoadDimensionOperator): Load_user_dim_table> on 2021-03-30T00:00:00+00:00
[2021-04-06 03:14:42,762] {standard_task_runner.py:52} INFO - Started process 198 to run task
[2021-04-06 03:14:42,783] {standard_task_runner.py:76} INFO - Running: ['airflow', 'tasks', 'run', 'udac_example_dag', 'Load_user_dim_table', '2021-03-30T00:00:00+00:00', '--job-id', '79', '--pool', 'default_pool', '--raw', '--subdir', 'DAGS_FOLDER/udac_example_dag.py', '--cfg-path', '/tmp/tmpix8lj3y7', '--error-file', '/tmp/tmp4rqriutu']
[2021-04-06 03:14:42,785] {standard_task_runner.py:77} INFO - Job 79: Subtask Load_user_dim_table
[2021-04-06 03:14:42,869] {logging_mixin.py:104} INFO - Running <TaskInstance: udac_example_dag.Load_user_dim_table 2021-03-30T00:00:00+00:00 [running]> on host 0ccaa9d2b3f1
[2021-04-06 03:14:42,953] {taskinstance.py:1257} INFO - Exporting the following env vars:
AIRFLOW_CTX_DAG_OWNER=udacity
AIRFLOW_CTX_DAG_ID=udac_example_dag
AIRFLOW_CTX_TASK_ID=Load_user_dim_table
AIRFLOW_CTX_EXECUTION_DATE=2021-03-30T00:00:00+00:00
AIRFLOW_CTX_DAG_RUN_ID=scheduled__2021-03-30T00:00:00+00:00
[2021-04-06 03:14:42,956] {load_dimension.py:25} INFO - Clearing table...
[2021-04-06 03:14:42,984] {base.py:74} INFO - Using connection to: id: redshift. Host: sparkify-redshift.c5c7ovgg2wrr.us-west-2.redshift.amazonaws.com, Port: 5439, Schema: sparkify-song-analytics, Login: data.engineer, Password: XXXXXXXX, extra: None
[2021-04-06 03:14:43,568] {dbapi.py:180} INFO - Running statement: 
        BEGIN; 
        DELETE FROM users; 
        COMMIT;
    , parameters: None
[2021-04-06 03:14:44,037] {dbapi.py:186} INFO - Rows affected: -1
[2021-04-06 03:14:44,135] {load_dimension.py:28} INFO - Loading data...
[2021-04-06 03:14:44,144] {base.py:74} INFO - Using connection to: id: redshift. Host: sparkify-redshift.c5c7ovgg2wrr.us-west-2.redshift.amazonaws.com, Port: 5439, Schema: sparkify-song-analytics, Login: data.engineer, Password: XXXXXXXX, extra: None
[2021-04-06 03:14:44,810] {dbapi.py:180} INFO - Running statement: 
        BEGIN; 
        INSERT INTO users (userid, first_name, last_name, gender, level)
        SELECT DISTINCT userid, firstname, lastname, gender, level
        FROM staging_events
        WHERE page = 'NextSong'
        AND userid NOT IN (SELECT userid FROM users)
        ;
        COMMIT;
    , parameters: None
[2021-04-06 03:14:50,502] {dbapi.py:186} INFO - Rows affected: -1
[2021-04-06 03:14:50,623] {taskinstance.py:1166} INFO - Marking task as SUCCESS. dag_id=udac_example_dag, task_id=Load_user_dim_table, execution_date=20210330T000000, start_date=20210406T031442, end_date=20210406T031450
[2021-04-06 03:14:50,658] {taskinstance.py:1220} INFO - 0 downstream tasks scheduled from follow-on schedule check
[2021-04-06 03:14:50,707] {local_task_job.py:146} INFO - Task exited with return code 0
