[2021-04-06 03:19:59,344] {taskinstance.py:851} INFO - Dependencies all met for <TaskInstance: udac_example_dag.Run_data_quality_checks 2021-03-27T00:00:00+00:00 [queued]>
[2021-04-06 03:19:59,363] {taskinstance.py:851} INFO - Dependencies all met for <TaskInstance: udac_example_dag.Run_data_quality_checks 2021-03-27T00:00:00+00:00 [queued]>
[2021-04-06 03:19:59,364] {taskinstance.py:1042} INFO - 
--------------------------------------------------------------------------------
[2021-04-06 03:19:59,365] {taskinstance.py:1043} INFO - Starting attempt 2 of 4
[2021-04-06 03:19:59,366] {taskinstance.py:1044} INFO - 
--------------------------------------------------------------------------------
[2021-04-06 03:19:59,376] {taskinstance.py:1063} INFO - Executing <Task(DataQualityOperator): Run_data_quality_checks> on 2021-03-27T00:00:00+00:00
[2021-04-06 03:19:59,386] {standard_task_runner.py:76} INFO - Running: ['airflow', 'tasks', 'run', 'udac_example_dag', 'Run_data_quality_checks', '2021-03-27T00:00:00+00:00', '--job-id', '107', '--pool', 'default_pool', '--raw', '--subdir', 'DAGS_FOLDER/udac_example_dag.py', '--cfg-path', '/tmp/tmpzhb86zu3', '--error-file', '/tmp/tmp3i1h21e4']
[2021-04-06 03:19:59,381] {standard_task_runner.py:52} INFO - Started process 251 to run task
[2021-04-06 03:19:59,388] {standard_task_runner.py:77} INFO - Job 107: Subtask Run_data_quality_checks
[2021-04-06 03:19:59,442] {logging_mixin.py:104} INFO - Running <TaskInstance: udac_example_dag.Run_data_quality_checks 2021-03-27T00:00:00+00:00 [running]> on host 0ccaa9d2b3f1
[2021-04-06 03:19:59,483] {taskinstance.py:1257} INFO - Exporting the following env vars:
AIRFLOW_CTX_DAG_OWNER=udacity
AIRFLOW_CTX_DAG_ID=udac_example_dag
AIRFLOW_CTX_TASK_ID=Run_data_quality_checks
AIRFLOW_CTX_EXECUTION_DATE=2021-03-27T00:00:00+00:00
AIRFLOW_CTX_DAG_RUN_ID=scheduled__2021-03-27T00:00:00+00:00
[2021-04-06 03:19:59,498] {base.py:74} INFO - Using connection to: id: redshift. Host: sparkify-redshift.c5c7ovgg2wrr.us-west-2.redshift.amazonaws.com, Port: 5439, Schema: sparkify-song-analytics, Login: data.engineer, Password: XXXXXXXX, extra: None
[2021-04-06 03:20:00,269] {data_quality.py:33} INFO - Data quality on table staging_events check passed with 8056 records
[2021-04-06 03:20:00,284] {base.py:74} INFO - Using connection to: id: redshift. Host: sparkify-redshift.c5c7ovgg2wrr.us-west-2.redshift.amazonaws.com, Port: 5439, Schema: sparkify-song-analytics, Login: data.engineer, Password: XXXXXXXX, extra: None
[2021-04-06 03:20:01,040] {data_quality.py:33} INFO - Data quality on table staging_songs check passed with 14896 records
[2021-04-06 03:20:01,052] {base.py:74} INFO - Using connection to: id: redshift. Host: sparkify-redshift.c5c7ovgg2wrr.us-west-2.redshift.amazonaws.com, Port: 5439, Schema: sparkify-song-analytics, Login: data.engineer, Password: XXXXXXXX, extra: None
[2021-04-06 03:20:01,779] {data_quality.py:33} INFO - Data quality on table users check passed with 104 records
[2021-04-06 03:20:01,790] {base.py:74} INFO - Using connection to: id: redshift. Host: sparkify-redshift.c5c7ovgg2wrr.us-west-2.redshift.amazonaws.com, Port: 5439, Schema: sparkify-song-analytics, Login: data.engineer, Password: XXXXXXXX, extra: None
[2021-04-06 03:20:02,517] {data_quality.py:33} INFO - Data quality on table timeplays check passed with 6820 records
[2021-04-06 03:20:02,529] {base.py:74} INFO - Using connection to: id: redshift. Host: sparkify-redshift.c5c7ovgg2wrr.us-west-2.redshift.amazonaws.com, Port: 5439, Schema: sparkify-song-analytics, Login: data.engineer, Password: XXXXXXXX, extra: None
[2021-04-06 03:20:03,266] {data_quality.py:33} INFO - Data quality on table artists check passed with 10025 records
[2021-04-06 03:20:03,284] {base.py:74} INFO - Using connection to: id: redshift. Host: sparkify-redshift.c5c7ovgg2wrr.us-west-2.redshift.amazonaws.com, Port: 5439, Schema: sparkify-song-analytics, Login: data.engineer, Password: XXXXXXXX, extra: None
[2021-04-06 03:20:04,036] {data_quality.py:33} INFO - Data quality on table songs check passed with 14896 records
[2021-04-06 03:20:04,049] {base.py:74} INFO - Using connection to: id: redshift. Host: sparkify-redshift.c5c7ovgg2wrr.us-west-2.redshift.amazonaws.com, Port: 5439, Schema: sparkify-song-analytics, Login: data.engineer, Password: XXXXXXXX, extra: None
[2021-04-06 03:20:04,939] {data_quality.py:33} INFO - Data quality on table songplays check passed with 6820 records
[2021-04-06 03:20:04,952] {taskinstance.py:1166} INFO - Marking task as SUCCESS. dag_id=udac_example_dag, task_id=Run_data_quality_checks, execution_date=20210327T000000, start_date=20210406T031959, end_date=20210406T032004
[2021-04-06 03:20:05,025] {taskinstance.py:1220} INFO - 0 downstream tasks scheduled from follow-on schedule check
[2021-04-06 03:20:05,055] {local_task_job.py:146} INFO - Task exited with return code 0
