[2021-04-06 03:19:46,850] {taskinstance.py:851} INFO - Dependencies all met for <TaskInstance: udac_example_dag.Run_data_quality_checks 2021-03-24T00:00:00+00:00 [queued]>
[2021-04-06 03:19:46,867] {taskinstance.py:851} INFO - Dependencies all met for <TaskInstance: udac_example_dag.Run_data_quality_checks 2021-03-24T00:00:00+00:00 [queued]>
[2021-04-06 03:19:46,868] {taskinstance.py:1042} INFO - 
--------------------------------------------------------------------------------
[2021-04-06 03:19:46,869] {taskinstance.py:1043} INFO - Starting attempt 1 of 4
[2021-04-06 03:19:46,870] {taskinstance.py:1044} INFO - 
--------------------------------------------------------------------------------
[2021-04-06 03:19:46,879] {taskinstance.py:1063} INFO - Executing <Task(DataQualityOperator): Run_data_quality_checks> on 2021-03-24T00:00:00+00:00
[2021-04-06 03:19:46,885] {standard_task_runner.py:52} INFO - Started process 249 to run task
[2021-04-06 03:19:46,889] {standard_task_runner.py:76} INFO - Running: ['airflow', 'tasks', 'run', 'udac_example_dag', 'Run_data_quality_checks', '2021-03-24T00:00:00+00:00', '--job-id', '106', '--pool', 'default_pool', '--raw', '--subdir', 'DAGS_FOLDER/udac_example_dag.py', '--cfg-path', '/tmp/tmpimrfn_2h', '--error-file', '/tmp/tmpcddum5_c']
[2021-04-06 03:19:46,891] {standard_task_runner.py:77} INFO - Job 106: Subtask Run_data_quality_checks
[2021-04-06 03:19:46,941] {logging_mixin.py:104} INFO - Running <TaskInstance: udac_example_dag.Run_data_quality_checks 2021-03-24T00:00:00+00:00 [running]> on host 0ccaa9d2b3f1
[2021-04-06 03:19:46,984] {taskinstance.py:1257} INFO - Exporting the following env vars:
AIRFLOW_CTX_DAG_OWNER=udacity
AIRFLOW_CTX_DAG_ID=udac_example_dag
AIRFLOW_CTX_TASK_ID=Run_data_quality_checks
AIRFLOW_CTX_EXECUTION_DATE=2021-03-24T00:00:00+00:00
AIRFLOW_CTX_DAG_RUN_ID=scheduled__2021-03-24T00:00:00+00:00
[2021-04-06 03:19:46,994] {base.py:74} INFO - Using connection to: id: redshift. Host: sparkify-redshift.c5c7ovgg2wrr.us-west-2.redshift.amazonaws.com, Port: 5439, Schema: sparkify-song-analytics, Login: data.engineer, Password: XXXXXXXX, extra: None
[2021-04-06 03:19:47,837] {data_quality.py:33} INFO - Data quality on table staging_events check passed with 8056 records
[2021-04-06 03:19:47,847] {base.py:74} INFO - Using connection to: id: redshift. Host: sparkify-redshift.c5c7ovgg2wrr.us-west-2.redshift.amazonaws.com, Port: 5439, Schema: sparkify-song-analytics, Login: data.engineer, Password: XXXXXXXX, extra: None
[2021-04-06 03:19:48,587] {data_quality.py:33} INFO - Data quality on table staging_songs check passed with 14896 records
[2021-04-06 03:19:48,600] {base.py:74} INFO - Using connection to: id: redshift. Host: sparkify-redshift.c5c7ovgg2wrr.us-west-2.redshift.amazonaws.com, Port: 5439, Schema: sparkify-song-analytics, Login: data.engineer, Password: XXXXXXXX, extra: None
[2021-04-06 03:19:49,522] {data_quality.py:33} INFO - Data quality on table users check passed with 104 records
[2021-04-06 03:19:49,531] {base.py:74} INFO - Using connection to: id: redshift. Host: sparkify-redshift.c5c7ovgg2wrr.us-west-2.redshift.amazonaws.com, Port: 5439, Schema: sparkify-song-analytics, Login: data.engineer, Password: XXXXXXXX, extra: None
[2021-04-06 03:19:50,465] {data_quality.py:33} INFO - Data quality on table timeplays check passed with 6820 records
[2021-04-06 03:19:50,473] {base.py:74} INFO - Using connection to: id: redshift. Host: sparkify-redshift.c5c7ovgg2wrr.us-west-2.redshift.amazonaws.com, Port: 5439, Schema: sparkify-song-analytics, Login: data.engineer, Password: XXXXXXXX, extra: None
[2021-04-06 03:19:51,362] {data_quality.py:33} INFO - Data quality on table artists check passed with 10025 records
[2021-04-06 03:19:51,374] {base.py:74} INFO - Using connection to: id: redshift. Host: sparkify-redshift.c5c7ovgg2wrr.us-west-2.redshift.amazonaws.com, Port: 5439, Schema: sparkify-song-analytics, Login: data.engineer, Password: XXXXXXXX, extra: None
[2021-04-06 03:19:52,293] {data_quality.py:33} INFO - Data quality on table songs check passed with 14896 records
[2021-04-06 03:19:52,304] {base.py:74} INFO - Using connection to: id: redshift. Host: sparkify-redshift.c5c7ovgg2wrr.us-west-2.redshift.amazonaws.com, Port: 5439, Schema: sparkify-song-analytics, Login: data.engineer, Password: XXXXXXXX, extra: None
[2021-04-06 03:19:53,186] {data_quality.py:33} INFO - Data quality on table songplays check passed with 6820 records
[2021-04-06 03:19:53,203] {taskinstance.py:1166} INFO - Marking task as SUCCESS. dag_id=udac_example_dag, task_id=Run_data_quality_checks, execution_date=20210324T000000, start_date=20210406T031946, end_date=20210406T031953
[2021-04-06 03:19:53,248] {taskinstance.py:1220} INFO - 1 downstream tasks scheduled from follow-on schedule check
[2021-04-06 03:19:53,276] {local_task_job.py:146} INFO - Task exited with return code 0
