[2021-04-06 03:17:23,279] {taskinstance.py:851} INFO - Dependencies all met for <TaskInstance: udac_example_dag.Load_songplays_fact_table 2021-04-01T00:00:00+00:00 [queued]>
[2021-04-06 03:17:23,302] {taskinstance.py:851} INFO - Dependencies all met for <TaskInstance: udac_example_dag.Load_songplays_fact_table 2021-04-01T00:00:00+00:00 [queued]>
[2021-04-06 03:17:23,303] {taskinstance.py:1042} INFO - 
--------------------------------------------------------------------------------
[2021-04-06 03:17:23,304] {taskinstance.py:1043} INFO - Starting attempt 1 of 4
[2021-04-06 03:17:23,305] {taskinstance.py:1044} INFO - 
--------------------------------------------------------------------------------
[2021-04-06 03:17:23,319] {taskinstance.py:1063} INFO - Executing <Task(LoadFactOperator): Load_songplays_fact_table> on 2021-04-01T00:00:00+00:00
[2021-04-06 03:17:23,325] {standard_task_runner.py:52} INFO - Started process 225 to run task
[2021-04-06 03:17:23,329] {standard_task_runner.py:76} INFO - Running: ['airflow', 'tasks', 'run', 'udac_example_dag', 'Load_songplays_fact_table', '2021-04-01T00:00:00+00:00', '--job-id', '94', '--pool', 'default_pool', '--raw', '--subdir', 'DAGS_FOLDER/udac_example_dag.py', '--cfg-path', '/tmp/tmpknl5jt02', '--error-file', '/tmp/tmpt56wmzcr']
[2021-04-06 03:17:23,331] {standard_task_runner.py:77} INFO - Job 94: Subtask Load_songplays_fact_table
[2021-04-06 03:17:23,381] {logging_mixin.py:104} INFO - Running <TaskInstance: udac_example_dag.Load_songplays_fact_table 2021-04-01T00:00:00+00:00 [running]> on host 0ccaa9d2b3f1
[2021-04-06 03:17:23,426] {taskinstance.py:1257} INFO - Exporting the following env vars:
AIRFLOW_CTX_DAG_OWNER=udacity
AIRFLOW_CTX_DAG_ID=udac_example_dag
AIRFLOW_CTX_TASK_ID=Load_songplays_fact_table
AIRFLOW_CTX_EXECUTION_DATE=2021-04-01T00:00:00+00:00
AIRFLOW_CTX_DAG_RUN_ID=scheduled__2021-04-01T00:00:00+00:00
[2021-04-06 03:17:23,428] {load_fact.py:25} INFO - Clearing table...
[2021-04-06 03:17:23,440] {base.py:74} INFO - Using connection to: id: redshift. Host: sparkify-redshift.c5c7ovgg2wrr.us-west-2.redshift.amazonaws.com, Port: 5439, Schema: sparkify-song-analytics, Login: data.engineer, Password: XXXXXXXX, extra: None
[2021-04-06 03:17:24,077] {dbapi.py:180} INFO - Running statement: 
        BEGIN; 
        DELETE FROM songplays; 
        COMMIT;
    , parameters: None
[2021-04-06 03:17:24,395] {dbapi.py:186} INFO - Rows affected: -1
[2021-04-06 03:17:24,509] {load_fact.py:28} INFO - Loading data...
[2021-04-06 03:17:24,519] {base.py:74} INFO - Using connection to: id: redshift. Host: sparkify-redshift.c5c7ovgg2wrr.us-west-2.redshift.amazonaws.com, Port: 5439, Schema: sparkify-song-analytics, Login: data.engineer, Password: XXXXXXXX, extra: None
[2021-04-06 03:17:25,166] {dbapi.py:180} INFO - Running statement: 
        BEGIN; 
        INSERT INTO songplays (
            playid,
            start_time,
            userid,
            level,
            songid,
            artistid,
            sessionid,
            location,
            user_agent
        )
        SELECT
                md5(events.sessionid || events.start_time) songplay_id,
                events.start_time, 
                events.userid, 
                events.level, 
                songs.song_id, 
                songs.artist_id, 
                events.sessionid, 
                events.location, 
                events.useragent
                FROM (SELECT TIMESTAMP 'epoch' + ts/1000 * interval '1 second' AS start_time, *
            FROM staging_events
            WHERE page='NextSong') events
            LEFT JOIN staging_songs songs
            ON events.song = songs.title
                AND events.artist = songs.artist_name
                AND events.length = songs.duration;
        COMMIT;
    , parameters: None
[2021-04-06 03:17:26,130] {dbapi.py:186} INFO - Rows affected: -1
[2021-04-06 03:17:26,227] {taskinstance.py:1166} INFO - Marking task as SUCCESS. dag_id=udac_example_dag, task_id=Load_songplays_fact_table, execution_date=20210401T000000, start_date=20210406T031723, end_date=20210406T031726
[2021-04-06 03:17:26,262] {taskinstance.py:1220} INFO - 4 downstream tasks scheduled from follow-on schedule check
[2021-04-06 03:17:26,297] {local_task_job.py:146} INFO - Task exited with return code 0
