[2021-04-06 03:09:22,469] {taskinstance.py:851} INFO - Dependencies all met for <TaskInstance: udac_example_dag.Load_song_dim_table 2021-04-03T00:00:00+00:00 [queued]>
[2021-04-06 03:09:22,510] {taskinstance.py:851} INFO - Dependencies all met for <TaskInstance: udac_example_dag.Load_song_dim_table 2021-04-03T00:00:00+00:00 [queued]>
[2021-04-06 03:09:22,512] {taskinstance.py:1042} INFO - 
--------------------------------------------------------------------------------
[2021-04-06 03:09:22,513] {taskinstance.py:1043} INFO - Starting attempt 1 of 4
[2021-04-06 03:09:22,514] {taskinstance.py:1044} INFO - 
--------------------------------------------------------------------------------
[2021-04-06 03:09:22,541] {taskinstance.py:1063} INFO - Executing <Task(LoadDimensionOperator): Load_song_dim_table> on 2021-04-03T00:00:00+00:00
[2021-04-06 03:09:22,550] {standard_task_runner.py:52} INFO - Started process 161 to run task
[2021-04-06 03:09:22,560] {standard_task_runner.py:76} INFO - Running: ['airflow', 'tasks', 'run', 'udac_example_dag', 'Load_song_dim_table', '2021-04-03T00:00:00+00:00', '--job-id', '61', '--pool', 'default_pool', '--raw', '--subdir', 'DAGS_FOLDER/udac_example_dag.py', '--cfg-path', '/tmp/tmpzkq8qrqs', '--error-file', '/tmp/tmptapfn651']
[2021-04-06 03:09:22,570] {standard_task_runner.py:77} INFO - Job 61: Subtask Load_song_dim_table
[2021-04-06 03:09:22,681] {logging_mixin.py:104} INFO - Running <TaskInstance: udac_example_dag.Load_song_dim_table 2021-04-03T00:00:00+00:00 [running]> on host 0ccaa9d2b3f1
[2021-04-06 03:09:22,755] {taskinstance.py:1257} INFO - Exporting the following env vars:
AIRFLOW_CTX_DAG_OWNER=udacity
AIRFLOW_CTX_DAG_ID=udac_example_dag
AIRFLOW_CTX_TASK_ID=Load_song_dim_table
AIRFLOW_CTX_EXECUTION_DATE=2021-04-03T00:00:00+00:00
AIRFLOW_CTX_DAG_RUN_ID=scheduled__2021-04-03T00:00:00+00:00
[2021-04-06 03:09:22,757] {load_dimension.py:25} INFO - Clearing table...
[2021-04-06 03:09:22,777] {base.py:74} INFO - Using connection to: id: redshift. Host: sparkify-redshift.c5c7ovgg2wrr.us-west-2.redshift.amazonaws.com, Port: 5439, Schema: sparkify-song-analytics, Login: data.engineer, Password: XXXXXXXX, extra: None
[2021-04-06 03:09:23,361] {dbapi.py:180} INFO - Running statement: 
        BEGIN; 
        DELETE FROM songs; 
        COMMIT;
    , parameters: None
[2021-04-06 03:09:23,814] {dbapi.py:186} INFO - Rows affected: -1
[2021-04-06 03:09:24,017] {load_dimension.py:28} INFO - Loading data...
[2021-04-06 03:09:24,030] {base.py:74} INFO - Using connection to: id: redshift. Host: sparkify-redshift.c5c7ovgg2wrr.us-west-2.redshift.amazonaws.com, Port: 5439, Schema: sparkify-song-analytics, Login: data.engineer, Password: XXXXXXXX, extra: None
[2021-04-06 03:09:24,597] {dbapi.py:180} INFO - Running statement: 
        BEGIN; 
        INSERT INTO songs (songid, title, artistid, year, duration)
        SELECT DISTINCT song_id, title, artist_id, year, duration
        FROM staging_songs
        WHERE song_id NOT IN (SELECT songid FROM songs);
        COMMIT;
    , parameters: None
[2021-04-06 03:09:25,827] {dbapi.py:186} INFO - Rows affected: -1
[2021-04-06 03:09:25,932] {taskinstance.py:1166} INFO - Marking task as SUCCESS. dag_id=udac_example_dag, task_id=Load_song_dim_table, execution_date=20210403T000000, start_date=20210406T030922, end_date=20210406T030925
[2021-04-06 03:09:25,981] {taskinstance.py:1220} INFO - 0 downstream tasks scheduled from follow-on schedule check
[2021-04-06 03:09:26,025] {local_task_job.py:146} INFO - Task exited with return code 0
