[2021-04-06 03:14:42,772] {taskinstance.py:851} INFO - Dependencies all met for <TaskInstance: udac_example_dag.Load_artist_dim_table 2021-03-30T00:00:00+00:00 [queued]>
[2021-04-06 03:14:42,798] {taskinstance.py:851} INFO - Dependencies all met for <TaskInstance: udac_example_dag.Load_artist_dim_table 2021-03-30T00:00:00+00:00 [queued]>
[2021-04-06 03:14:42,799] {taskinstance.py:1042} INFO - 
--------------------------------------------------------------------------------
[2021-04-06 03:14:42,800] {taskinstance.py:1043} INFO - Starting attempt 1 of 4
[2021-04-06 03:14:42,801] {taskinstance.py:1044} INFO - 
--------------------------------------------------------------------------------
[2021-04-06 03:14:42,818] {taskinstance.py:1063} INFO - Executing <Task(LoadDimensionOperator): Load_artist_dim_table> on 2021-03-30T00:00:00+00:00
[2021-04-06 03:14:42,824] {standard_task_runner.py:52} INFO - Started process 200 to run task
[2021-04-06 03:14:42,832] {standard_task_runner.py:76} INFO - Running: ['airflow', 'tasks', 'run', 'udac_example_dag', 'Load_artist_dim_table', '2021-03-30T00:00:00+00:00', '--job-id', '81', '--pool', 'default_pool', '--raw', '--subdir', 'DAGS_FOLDER/udac_example_dag.py', '--cfg-path', '/tmp/tmpex_ed84s', '--error-file', '/tmp/tmpneizdhqe']
[2021-04-06 03:14:42,836] {standard_task_runner.py:77} INFO - Job 81: Subtask Load_artist_dim_table
[2021-04-06 03:14:42,942] {logging_mixin.py:104} INFO - Running <TaskInstance: udac_example_dag.Load_artist_dim_table 2021-03-30T00:00:00+00:00 [running]> on host 0ccaa9d2b3f1
[2021-04-06 03:14:43,022] {taskinstance.py:1257} INFO - Exporting the following env vars:
AIRFLOW_CTX_DAG_OWNER=udacity
AIRFLOW_CTX_DAG_ID=udac_example_dag
AIRFLOW_CTX_TASK_ID=Load_artist_dim_table
AIRFLOW_CTX_EXECUTION_DATE=2021-03-30T00:00:00+00:00
AIRFLOW_CTX_DAG_RUN_ID=scheduled__2021-03-30T00:00:00+00:00
[2021-04-06 03:14:43,024] {load_dimension.py:25} INFO - Clearing table...
[2021-04-06 03:14:43,042] {base.py:74} INFO - Using connection to: id: redshift. Host: sparkify-redshift.c5c7ovgg2wrr.us-west-2.redshift.amazonaws.com, Port: 5439, Schema: sparkify-song-analytics, Login: data.engineer, Password: XXXXXXXX, extra: None
[2021-04-06 03:14:43,636] {dbapi.py:180} INFO - Running statement: 
        BEGIN; 
        DELETE FROM artists; 
        COMMIT;
    , parameters: None
[2021-04-06 03:14:44,121] {dbapi.py:186} INFO - Rows affected: -1
[2021-04-06 03:14:44,314] {load_dimension.py:28} INFO - Loading data...
[2021-04-06 03:14:44,326] {base.py:74} INFO - Using connection to: id: redshift. Host: sparkify-redshift.c5c7ovgg2wrr.us-west-2.redshift.amazonaws.com, Port: 5439, Schema: sparkify-song-analytics, Login: data.engineer, Password: XXXXXXXX, extra: None
[2021-04-06 03:14:44,922] {dbapi.py:180} INFO - Running statement: 
        BEGIN; 
        INSERT INTO artists (artistid, name, location, latitude, longitude)
        SELECT DISTINCT artist_id, artist_name, artist_location, artist_latitude, artist_longitude
        FROM staging_songs
        WHERE artist_id NOT IN (SELECT artistid FROM artists);
        COMMIT;
    , parameters: None
[2021-04-06 03:14:53,500] {dbapi.py:186} INFO - Rows affected: -1
[2021-04-06 03:14:53,599] {taskinstance.py:1166} INFO - Marking task as SUCCESS. dag_id=udac_example_dag, task_id=Load_artist_dim_table, execution_date=20210330T000000, start_date=20210406T031442, end_date=20210406T031453
[2021-04-06 03:14:53,644] {taskinstance.py:1220} INFO - 1 downstream tasks scheduled from follow-on schedule check
[2021-04-06 03:14:53,692] {local_task_job.py:146} INFO - Task exited with return code 0
