[2021-04-06 03:17:27,241] {taskinstance.py:851} INFO - Dependencies all met for <TaskInstance: udac_example_dag.Load_artist_dim_table 2021-04-01T00:00:00+00:00 [queued]>
[2021-04-06 03:17:27,271] {taskinstance.py:851} INFO - Dependencies all met for <TaskInstance: udac_example_dag.Load_artist_dim_table 2021-04-01T00:00:00+00:00 [queued]>
[2021-04-06 03:17:27,273] {taskinstance.py:1042} INFO - 
--------------------------------------------------------------------------------
[2021-04-06 03:17:27,274] {taskinstance.py:1043} INFO - Starting attempt 1 of 4
[2021-04-06 03:17:27,276] {taskinstance.py:1044} INFO - 
--------------------------------------------------------------------------------
[2021-04-06 03:17:27,299] {taskinstance.py:1063} INFO - Executing <Task(LoadDimensionOperator): Load_artist_dim_table> on 2021-04-01T00:00:00+00:00
[2021-04-06 03:17:27,306] {standard_task_runner.py:52} INFO - Started process 233 to run task
[2021-04-06 03:17:27,319] {standard_task_runner.py:76} INFO - Running: ['airflow', 'tasks', 'run', 'udac_example_dag', 'Load_artist_dim_table', '2021-04-01T00:00:00+00:00', '--job-id', '98', '--pool', 'default_pool', '--raw', '--subdir', 'DAGS_FOLDER/udac_example_dag.py', '--cfg-path', '/tmp/tmpr753xiow', '--error-file', '/tmp/tmp45uu4ten']
[2021-04-06 03:17:27,321] {standard_task_runner.py:77} INFO - Job 98: Subtask Load_artist_dim_table
[2021-04-06 03:17:27,395] {logging_mixin.py:104} INFO - Running <TaskInstance: udac_example_dag.Load_artist_dim_table 2021-04-01T00:00:00+00:00 [running]> on host 0ccaa9d2b3f1
[2021-04-06 03:17:27,453] {taskinstance.py:1257} INFO - Exporting the following env vars:
AIRFLOW_CTX_DAG_OWNER=udacity
AIRFLOW_CTX_DAG_ID=udac_example_dag
AIRFLOW_CTX_TASK_ID=Load_artist_dim_table
AIRFLOW_CTX_EXECUTION_DATE=2021-04-01T00:00:00+00:00
AIRFLOW_CTX_DAG_RUN_ID=scheduled__2021-04-01T00:00:00+00:00
[2021-04-06 03:17:27,454] {load_dimension.py:25} INFO - Clearing table...
[2021-04-06 03:17:27,468] {base.py:74} INFO - Using connection to: id: redshift. Host: sparkify-redshift.c5c7ovgg2wrr.us-west-2.redshift.amazonaws.com, Port: 5439, Schema: sparkify-song-analytics, Login: data.engineer, Password: XXXXXXXX, extra: None
[2021-04-06 03:17:28,047] {dbapi.py:180} INFO - Running statement: 
        BEGIN; 
        DELETE FROM artists; 
        COMMIT;
    , parameters: None
[2021-04-06 03:17:28,468] {dbapi.py:186} INFO - Rows affected: -1
[2021-04-06 03:17:28,555] {load_dimension.py:28} INFO - Loading data...
[2021-04-06 03:17:28,566] {base.py:74} INFO - Using connection to: id: redshift. Host: sparkify-redshift.c5c7ovgg2wrr.us-west-2.redshift.amazonaws.com, Port: 5439, Schema: sparkify-song-analytics, Login: data.engineer, Password: XXXXXXXX, extra: None
[2021-04-06 03:17:29,207] {dbapi.py:180} INFO - Running statement: 
        BEGIN; 
        INSERT INTO artists (artistid, name, location, latitude, longitude)
        SELECT DISTINCT artist_id, artist_name, artist_location, artist_latitude, artist_longitude
        FROM staging_songs
        WHERE artist_id NOT IN (SELECT artistid FROM artists);
        COMMIT;
    , parameters: None
[2021-04-06 03:17:30,188] {dbapi.py:186} INFO - Rows affected: -1
[2021-04-06 03:17:30,291] {taskinstance.py:1166} INFO - Marking task as SUCCESS. dag_id=udac_example_dag, task_id=Load_artist_dim_table, execution_date=20210401T000000, start_date=20210406T031727, end_date=20210406T031730
[2021-04-06 03:17:30,339] {taskinstance.py:1220} INFO - 0 downstream tasks scheduled from follow-on schedule check
[2021-04-06 03:17:30,373] {local_task_job.py:146} INFO - Task exited with return code 0
