[2021-04-06 03:08:00,816] {taskinstance.py:851} INFO - Dependencies all met for <TaskInstance: udac_example_dag.Load_user_dim_table 2021-03-26T00:00:00+00:00 [queued]>
[2021-04-06 03:08:00,849] {taskinstance.py:851} INFO - Dependencies all met for <TaskInstance: udac_example_dag.Load_user_dim_table 2021-03-26T00:00:00+00:00 [queued]>
[2021-04-06 03:08:00,853] {taskinstance.py:1042} INFO - 
--------------------------------------------------------------------------------
[2021-04-06 03:08:00,856] {taskinstance.py:1043} INFO - Starting attempt 1 of 4
[2021-04-06 03:08:00,858] {taskinstance.py:1044} INFO - 
--------------------------------------------------------------------------------
[2021-04-06 03:08:00,878] {taskinstance.py:1063} INFO - Executing <Task(LoadDimensionOperator): Load_user_dim_table> on 2021-03-26T00:00:00+00:00
[2021-04-06 03:08:00,884] {standard_task_runner.py:52} INFO - Started process 150 to run task
[2021-04-06 03:08:00,898] {standard_task_runner.py:76} INFO - Running: ['airflow', 'tasks', 'run', 'udac_example_dag', 'Load_user_dim_table', '2021-03-26T00:00:00+00:00', '--job-id', '56', '--pool', 'default_pool', '--raw', '--subdir', 'DAGS_FOLDER/udac_example_dag.py', '--cfg-path', '/tmp/tmpk8r208r8', '--error-file', '/tmp/tmpe41dg6wg']
[2021-04-06 03:08:00,900] {standard_task_runner.py:77} INFO - Job 56: Subtask Load_user_dim_table
[2021-04-06 03:08:01,010] {logging_mixin.py:104} INFO - Running <TaskInstance: udac_example_dag.Load_user_dim_table 2021-03-26T00:00:00+00:00 [running]> on host 0ccaa9d2b3f1
[2021-04-06 03:08:01,118] {taskinstance.py:1257} INFO - Exporting the following env vars:
AIRFLOW_CTX_DAG_OWNER=udacity
AIRFLOW_CTX_DAG_ID=udac_example_dag
AIRFLOW_CTX_TASK_ID=Load_user_dim_table
AIRFLOW_CTX_EXECUTION_DATE=2021-03-26T00:00:00+00:00
AIRFLOW_CTX_DAG_RUN_ID=scheduled__2021-03-26T00:00:00+00:00
[2021-04-06 03:08:01,122] {load_dimension.py:25} INFO - Clearing table...
[2021-04-06 03:08:01,157] {base.py:74} INFO - Using connection to: id: redshift. Host: sparkify-redshift.c5c7ovgg2wrr.us-west-2.redshift.amazonaws.com, Port: 5439, Schema: sparkify-song-analytics, Login: data.engineer, Password: XXXXXXXX, extra: None
[2021-04-06 03:08:01,734] {dbapi.py:180} INFO - Running statement: 
        BEGIN; 
        DELETE FROM users; 
        COMMIT;
    , parameters: None
[2021-04-06 03:08:02,362] {dbapi.py:186} INFO - Rows affected: -1
[2021-04-06 03:08:02,447] {load_dimension.py:28} INFO - Loading data...
[2021-04-06 03:08:02,469] {base.py:74} INFO - Using connection to: id: redshift. Host: sparkify-redshift.c5c7ovgg2wrr.us-west-2.redshift.amazonaws.com, Port: 5439, Schema: sparkify-song-analytics, Login: data.engineer, Password: XXXXXXXX, extra: None
[2021-04-06 03:08:03,056] {dbapi.py:180} INFO - Running statement: 
        BEGIN; 
        INSERT INTO users (userid, first_name, last_name, gender, level)
        SELECT DISTINCT userid, firstname, lastname, gender, level
        FROM staging_events
        WHERE page = 'NextSong'
        AND userid NOT IN (SELECT userid FROM users)
        ;
        COMMIT;
    , parameters: None
[2021-04-06 03:08:12,322] {dbapi.py:186} INFO - Rows affected: -1
[2021-04-06 03:08:12,420] {taskinstance.py:1166} INFO - Marking task as SUCCESS. dag_id=udac_example_dag, task_id=Load_user_dim_table, execution_date=20210326T000000, start_date=20210406T030800, end_date=20210406T030812
[2021-04-06 03:08:12,454] {taskinstance.py:1220} INFO - 1 downstream tasks scheduled from follow-on schedule check
[2021-04-06 03:08:12,499] {local_task_job.py:146} INFO - Task exited with return code 0
