[2021-04-06 03:17:31,007] {taskinstance.py:851} INFO - Dependencies all met for <TaskInstance: udac_example_dag.Run_data_quality_checks 2021-04-01T00:00:00+00:00 [queued]>
[2021-04-06 03:17:31,029] {taskinstance.py:851} INFO - Dependencies all met for <TaskInstance: udac_example_dag.Run_data_quality_checks 2021-04-01T00:00:00+00:00 [queued]>
[2021-04-06 03:17:31,031] {taskinstance.py:1042} INFO - 
--------------------------------------------------------------------------------
[2021-04-06 03:17:31,032] {taskinstance.py:1043} INFO - Starting attempt 1 of 4
[2021-04-06 03:17:31,033] {taskinstance.py:1044} INFO - 
--------------------------------------------------------------------------------
[2021-04-06 03:17:31,047] {taskinstance.py:1063} INFO - Executing <Task(DataQualityOperator): Run_data_quality_checks> on 2021-04-01T00:00:00+00:00
[2021-04-06 03:17:31,052] {standard_task_runner.py:52} INFO - Started process 235 to run task
[2021-04-06 03:17:31,058] {standard_task_runner.py:76} INFO - Running: ['airflow', 'tasks', 'run', 'udac_example_dag', 'Run_data_quality_checks', '2021-04-01T00:00:00+00:00', '--job-id', '99', '--pool', 'default_pool', '--raw', '--subdir', 'DAGS_FOLDER/udac_example_dag.py', '--cfg-path', '/tmp/tmponnjd_hl', '--error-file', '/tmp/tmp4zi9__y4']
[2021-04-06 03:17:31,060] {standard_task_runner.py:77} INFO - Job 99: Subtask Run_data_quality_checks
[2021-04-06 03:17:31,112] {logging_mixin.py:104} INFO - Running <TaskInstance: udac_example_dag.Run_data_quality_checks 2021-04-01T00:00:00+00:00 [running]> on host 0ccaa9d2b3f1
[2021-04-06 03:17:31,161] {taskinstance.py:1257} INFO - Exporting the following env vars:
AIRFLOW_CTX_DAG_OWNER=udacity
AIRFLOW_CTX_DAG_ID=udac_example_dag
AIRFLOW_CTX_TASK_ID=Run_data_quality_checks
AIRFLOW_CTX_EXECUTION_DATE=2021-04-01T00:00:00+00:00
AIRFLOW_CTX_DAG_RUN_ID=scheduled__2021-04-01T00:00:00+00:00
[2021-04-06 03:17:31,172] {base.py:74} INFO - Using connection to: id: redshift. Host: sparkify-redshift.c5c7ovgg2wrr.us-west-2.redshift.amazonaws.com, Port: 5439, Schema: sparkify-song-analytics, Login: data.engineer, Password: XXXXXXXX, extra: None
[2021-04-06 03:17:31,940] {data_quality.py:33} INFO - Data quality on table staging_events check passed with 8056 records
[2021-04-06 03:17:31,951] {base.py:74} INFO - Using connection to: id: redshift. Host: sparkify-redshift.c5c7ovgg2wrr.us-west-2.redshift.amazonaws.com, Port: 5439, Schema: sparkify-song-analytics, Login: data.engineer, Password: XXXXXXXX, extra: None
[2021-04-06 03:17:32,699] {data_quality.py:33} INFO - Data quality on table staging_songs check passed with 14896 records
[2021-04-06 03:17:32,709] {base.py:74} INFO - Using connection to: id: redshift. Host: sparkify-redshift.c5c7ovgg2wrr.us-west-2.redshift.amazonaws.com, Port: 5439, Schema: sparkify-song-analytics, Login: data.engineer, Password: XXXXXXXX, extra: None
[2021-04-06 03:17:33,515] {data_quality.py:33} INFO - Data quality on table users check passed with 104 records
[2021-04-06 03:17:33,525] {base.py:74} INFO - Using connection to: id: redshift. Host: sparkify-redshift.c5c7ovgg2wrr.us-west-2.redshift.amazonaws.com, Port: 5439, Schema: sparkify-song-analytics, Login: data.engineer, Password: XXXXXXXX, extra: None
[2021-04-06 03:17:34,331] {data_quality.py:33} INFO - Data quality on table timeplays check passed with 6820 records
[2021-04-06 03:17:34,342] {base.py:74} INFO - Using connection to: id: redshift. Host: sparkify-redshift.c5c7ovgg2wrr.us-west-2.redshift.amazonaws.com, Port: 5439, Schema: sparkify-song-analytics, Login: data.engineer, Password: XXXXXXXX, extra: None
[2021-04-06 03:17:35,162] {data_quality.py:33} INFO - Data quality on table artists check passed with 10025 records
[2021-04-06 03:17:35,172] {base.py:74} INFO - Using connection to: id: redshift. Host: sparkify-redshift.c5c7ovgg2wrr.us-west-2.redshift.amazonaws.com, Port: 5439, Schema: sparkify-song-analytics, Login: data.engineer, Password: XXXXXXXX, extra: None
[2021-04-06 03:17:35,951] {data_quality.py:33} INFO - Data quality on table songs check passed with 14896 records
[2021-04-06 03:17:35,961] {base.py:74} INFO - Using connection to: id: redshift. Host: sparkify-redshift.c5c7ovgg2wrr.us-west-2.redshift.amazonaws.com, Port: 5439, Schema: sparkify-song-analytics, Login: data.engineer, Password: XXXXXXXX, extra: None
[2021-04-06 03:17:36,735] {data_quality.py:33} INFO - Data quality on table songplays check passed with 6820 records
[2021-04-06 03:17:36,754] {taskinstance.py:1166} INFO - Marking task as SUCCESS. dag_id=udac_example_dag, task_id=Run_data_quality_checks, execution_date=20210401T000000, start_date=20210406T031731, end_date=20210406T031736
[2021-04-06 03:17:36,786] {taskinstance.py:1220} INFO - 1 downstream tasks scheduled from follow-on schedule check
[2021-04-06 03:17:36,814] {local_task_job.py:146} INFO - Task exited with return code 0
