[2021-04-06 03:20:00,304] {taskinstance.py:851} INFO - Dependencies all met for <TaskInstance: udac_example_dag.Run_data_quality_checks 2021-04-05T00:00:00+00:00 [queued]>
[2021-04-06 03:20:00,331] {taskinstance.py:851} INFO - Dependencies all met for <TaskInstance: udac_example_dag.Run_data_quality_checks 2021-04-05T00:00:00+00:00 [queued]>
[2021-04-06 03:20:00,332] {taskinstance.py:1042} INFO - 
--------------------------------------------------------------------------------
[2021-04-06 03:20:00,333] {taskinstance.py:1043} INFO - Starting attempt 2 of 4
[2021-04-06 03:20:00,334] {taskinstance.py:1044} INFO - 
--------------------------------------------------------------------------------
[2021-04-06 03:20:00,349] {taskinstance.py:1063} INFO - Executing <Task(DataQualityOperator): Run_data_quality_checks> on 2021-04-05T00:00:00+00:00
[2021-04-06 03:20:00,370] {standard_task_runner.py:76} INFO - Running: ['airflow', 'tasks', 'run', 'udac_example_dag', 'Run_data_quality_checks', '2021-04-05T00:00:00+00:00', '--job-id', '109', '--pool', 'default_pool', '--raw', '--subdir', 'DAGS_FOLDER/udac_example_dag.py', '--cfg-path', '/tmp/tmpm6a8y_c3', '--error-file', '/tmp/tmp31zx9vii']
[2021-04-06 03:20:00,361] {standard_task_runner.py:52} INFO - Started process 255 to run task
[2021-04-06 03:20:00,372] {standard_task_runner.py:77} INFO - Job 109: Subtask Run_data_quality_checks
[2021-04-06 03:20:00,426] {logging_mixin.py:104} INFO - Running <TaskInstance: udac_example_dag.Run_data_quality_checks 2021-04-05T00:00:00+00:00 [running]> on host 0ccaa9d2b3f1
[2021-04-06 03:20:00,473] {taskinstance.py:1257} INFO - Exporting the following env vars:
AIRFLOW_CTX_DAG_OWNER=udacity
AIRFLOW_CTX_DAG_ID=udac_example_dag
AIRFLOW_CTX_TASK_ID=Run_data_quality_checks
AIRFLOW_CTX_EXECUTION_DATE=2021-04-05T00:00:00+00:00
AIRFLOW_CTX_DAG_RUN_ID=scheduled__2021-04-05T00:00:00+00:00
[2021-04-06 03:20:00,487] {base.py:74} INFO - Using connection to: id: redshift. Host: sparkify-redshift.c5c7ovgg2wrr.us-west-2.redshift.amazonaws.com, Port: 5439, Schema: sparkify-song-analytics, Login: data.engineer, Password: XXXXXXXX, extra: None
[2021-04-06 03:20:01,220] {data_quality.py:33} INFO - Data quality on table staging_events check passed with 8056 records
[2021-04-06 03:20:01,232] {base.py:74} INFO - Using connection to: id: redshift. Host: sparkify-redshift.c5c7ovgg2wrr.us-west-2.redshift.amazonaws.com, Port: 5439, Schema: sparkify-song-analytics, Login: data.engineer, Password: XXXXXXXX, extra: None
[2021-04-06 03:20:01,958] {data_quality.py:33} INFO - Data quality on table staging_songs check passed with 14896 records
[2021-04-06 03:20:01,974] {base.py:74} INFO - Using connection to: id: redshift. Host: sparkify-redshift.c5c7ovgg2wrr.us-west-2.redshift.amazonaws.com, Port: 5439, Schema: sparkify-song-analytics, Login: data.engineer, Password: XXXXXXXX, extra: None
[2021-04-06 03:20:02,717] {data_quality.py:33} INFO - Data quality on table users check passed with 104 records
[2021-04-06 03:20:02,727] {base.py:74} INFO - Using connection to: id: redshift. Host: sparkify-redshift.c5c7ovgg2wrr.us-west-2.redshift.amazonaws.com, Port: 5439, Schema: sparkify-song-analytics, Login: data.engineer, Password: XXXXXXXX, extra: None
[2021-04-06 03:20:03,518] {data_quality.py:33} INFO - Data quality on table timeplays check passed with 6820 records
[2021-04-06 03:20:03,531] {base.py:74} INFO - Using connection to: id: redshift. Host: sparkify-redshift.c5c7ovgg2wrr.us-west-2.redshift.amazonaws.com, Port: 5439, Schema: sparkify-song-analytics, Login: data.engineer, Password: XXXXXXXX, extra: None
[2021-04-06 03:20:04,375] {data_quality.py:33} INFO - Data quality on table artists check passed with 10025 records
[2021-04-06 03:20:04,387] {base.py:74} INFO - Using connection to: id: redshift. Host: sparkify-redshift.c5c7ovgg2wrr.us-west-2.redshift.amazonaws.com, Port: 5439, Schema: sparkify-song-analytics, Login: data.engineer, Password: XXXXXXXX, extra: None
[2021-04-06 03:20:05,110] {data_quality.py:33} INFO - Data quality on table songs check passed with 14896 records
[2021-04-06 03:20:05,128] {base.py:74} INFO - Using connection to: id: redshift. Host: sparkify-redshift.c5c7ovgg2wrr.us-west-2.redshift.amazonaws.com, Port: 5439, Schema: sparkify-song-analytics, Login: data.engineer, Password: XXXXXXXX, extra: None
[2021-04-06 03:20:05,903] {data_quality.py:33} INFO - Data quality on table songplays check passed with 6820 records
[2021-04-06 03:20:05,915] {taskinstance.py:1166} INFO - Marking task as SUCCESS. dag_id=udac_example_dag, task_id=Run_data_quality_checks, execution_date=20210405T000000, start_date=20210406T032000, end_date=20210406T032005
[2021-04-06 03:20:05,945] {taskinstance.py:1220} INFO - 1 downstream tasks scheduled from follow-on schedule check
[2021-04-06 03:20:05,983] {local_task_job.py:146} INFO - Task exited with return code 0
