[2021-04-06 03:04:29,533] {taskinstance.py:851} INFO - Dependencies all met for <TaskInstance: udac_example_dag.Create_tables 2021-03-27T00:00:00+00:00 [queued]>
[2021-04-06 03:04:29,805] {taskinstance.py:851} INFO - Dependencies all met for <TaskInstance: udac_example_dag.Create_tables 2021-03-27T00:00:00+00:00 [queued]>
[2021-04-06 03:04:29,811] {taskinstance.py:1042} INFO - 
--------------------------------------------------------------------------------
[2021-04-06 03:04:29,817] {taskinstance.py:1043} INFO - Starting attempt 3 of 4
[2021-04-06 03:04:29,821] {taskinstance.py:1044} INFO - 
--------------------------------------------------------------------------------
[2021-04-06 03:04:30,017] {taskinstance.py:1063} INFO - Executing <Task(CreateTablesOperator): Create_tables> on 2021-03-27T00:00:00+00:00
[2021-04-06 03:04:30,154] {standard_task_runner.py:76} INFO - Running: ['airflow', 'tasks', 'run', 'udac_example_dag', 'Create_tables', '2021-03-27T00:00:00+00:00', '--job-id', '35', '--pool', 'default_pool', '--raw', '--subdir', 'DAGS_FOLDER/udac_example_dag.py', '--cfg-path', '/tmp/tmpfo3rde2a', '--error-file', '/tmp/tmpqk90plb2']
[2021-04-06 03:04:30,215] {standard_task_runner.py:77} INFO - Job 35: Subtask Create_tables
[2021-04-06 03:04:30,076] {standard_task_runner.py:52} INFO - Started process 113 to run task
[2021-04-06 03:04:31,472] {logging_mixin.py:104} INFO - Running <TaskInstance: udac_example_dag.Create_tables 2021-03-27T00:00:00+00:00 [running]> on host 0ccaa9d2b3f1
[2021-04-06 03:04:32,043] {taskinstance.py:1257} INFO - Exporting the following env vars:
AIRFLOW_CTX_DAG_OWNER=udacity
AIRFLOW_CTX_DAG_ID=udac_example_dag
AIRFLOW_CTX_TASK_ID=Create_tables
AIRFLOW_CTX_EXECUTION_DATE=2021-03-27T00:00:00+00:00
AIRFLOW_CTX_DAG_RUN_ID=scheduled__2021-03-27T00:00:00+00:00
[2021-04-06 03:04:32,066] {create_tables.py:21} INFO - Creating all tables in schema:
[2021-04-06 03:04:32,171] {base.py:74} INFO - Using connection to: id: redshift. Host: sparkify-redshift.c5c7ovgg2wrr.us-west-2.redshift.amazonaws.com, Port: 5439, Schema: sparkify-song-analytics, Login: data.engineer, Password: XXXXXXXX, extra: None
[2021-04-06 03:04:32,808] {dbapi.py:180} INFO - Running statement: 
        BEGIN;
        DROP TABLE IF EXISTS staging_events;
        CREATE TABLE staging_events (
            artist varchar(256),
            auth varchar(256),
            firstname varchar(256),
            gender varchar(256),
            iteminsession int4,
            lastname varchar(256),
            length numeric(18,0),
            "level" varchar(256),
            location varchar(256),
            "method" varchar(256),
            page varchar(256),
            registration numeric(18,0),
            sessionid int4,
            song varchar(256),
            status int4,
            ts int8,
            useragent varchar(256),
            userid int4
        );
        COMMIT;
    , parameters: None
[2021-04-06 03:04:33,247] {dbapi.py:186} INFO - Rows affected: -1
[2021-04-06 03:04:33,346] {base.py:74} INFO - Using connection to: id: redshift. Host: sparkify-redshift.c5c7ovgg2wrr.us-west-2.redshift.amazonaws.com, Port: 5439, Schema: sparkify-song-analytics, Login: data.engineer, Password: XXXXXXXX, extra: None
[2021-04-06 03:04:33,914] {dbapi.py:180} INFO - Running statement: 
        BEGIN;
        DROP TABLE IF EXISTS staging_songs;
        CREATE TABLE staging_songs (
            num_songs int4,
            artist_id varchar(256),
            artist_name varchar(256),
            artist_latitude numeric(18,0),
            artist_longitude numeric(18,0),
            artist_location varchar(256),
            song_id varchar(256),
            title varchar(256),
            duration numeric(18,0),
            "year" int4
        );
        COMMIT;
    , parameters: None
[2021-04-06 03:04:34,305] {dbapi.py:186} INFO - Rows affected: -1
[2021-04-06 03:04:34,396] {base.py:74} INFO - Using connection to: id: redshift. Host: sparkify-redshift.c5c7ovgg2wrr.us-west-2.redshift.amazonaws.com, Port: 5439, Schema: sparkify-song-analytics, Login: data.engineer, Password: XXXXXXXX, extra: None
[2021-04-06 03:04:34,988] {dbapi.py:180} INFO - Running statement: 
        BEGIN;
        DROP TABLE IF EXISTS songplays;
        CREATE TABLE IF NOT EXISTS songplays (
            playid varchar(32) NOT NULL,
            start_time timestamp NOT NULL,
            userid int4 NOT NULL,
            "level" varchar(256),
            songid varchar(256),
            artistid varchar(256),
            sessionid int4,
            location varchar(256),
            user_agent varchar(256),
            CONSTRAINT songplays_pkey PRIMARY KEY (playid)
        );
        COMMIT;
    , parameters: None
[2021-04-06 03:04:35,303] {dbapi.py:186} INFO - Rows affected: -1
[2021-04-06 03:04:35,394] {base.py:74} INFO - Using connection to: id: redshift. Host: sparkify-redshift.c5c7ovgg2wrr.us-west-2.redshift.amazonaws.com, Port: 5439, Schema: sparkify-song-analytics, Login: data.engineer, Password: XXXXXXXX, extra: None
[2021-04-06 03:04:35,977] {dbapi.py:180} INFO - Running statement: 
        BEGIN;
        DROP TABLE IF EXISTS users;
        CREATE TABLE IF NOT EXISTS users (
            userid int4 NOT NULL,
            first_name varchar(256),
            last_name varchar(256),
            gender varchar(256),
            "level" varchar(256),
            CONSTRAINT users_pkey PRIMARY KEY (userid)
        );
        COMMIT;
    , parameters: None
[2021-04-06 03:04:36,319] {dbapi.py:186} INFO - Rows affected: -1
[2021-04-06 03:04:36,408] {base.py:74} INFO - Using connection to: id: redshift. Host: sparkify-redshift.c5c7ovgg2wrr.us-west-2.redshift.amazonaws.com, Port: 5439, Schema: sparkify-song-analytics, Login: data.engineer, Password: XXXXXXXX, extra: None
[2021-04-06 03:04:37,005] {dbapi.py:180} INFO - Running statement: 
        BEGIN;
        DROP TABLE IF EXISTS songs;
        CREATE TABLE IF NOT EXISTS songs (
            songid varchar(256) NOT NULL,
            title varchar(256),
            artistid varchar(256),
            "year" int4,
            duration numeric(18,0),
            CONSTRAINT songs_pkey PRIMARY KEY (songid)
        );
        COMMIT;
    , parameters: None
[2021-04-06 03:04:37,318] {dbapi.py:186} INFO - Rows affected: -1
[2021-04-06 03:04:37,410] {base.py:74} INFO - Using connection to: id: redshift. Host: sparkify-redshift.c5c7ovgg2wrr.us-west-2.redshift.amazonaws.com, Port: 5439, Schema: sparkify-song-analytics, Login: data.engineer, Password: XXXXXXXX, extra: None
[2021-04-06 03:04:38,013] {dbapi.py:180} INFO - Running statement: 
        BEGIN;
        DROP TABLE IF EXISTS artists;
        CREATE TABLE IF NOT EXISTS artists (
            artistid varchar(256) NOT NULL,
            name varchar(256),
            location varchar(256),
            latitude numeric(18,0),
            longitude numeric(18,0)
        );
        COMMIT;
    , parameters: None
[2021-04-06 03:04:38,359] {dbapi.py:186} INFO - Rows affected: -1
[2021-04-06 03:04:38,454] {base.py:74} INFO - Using connection to: id: redshift. Host: sparkify-redshift.c5c7ovgg2wrr.us-west-2.redshift.amazonaws.com, Port: 5439, Schema: sparkify-song-analytics, Login: data.engineer, Password: XXXXXXXX, extra: None
[2021-04-06 03:04:39,043] {dbapi.py:180} INFO - Running statement: 
        BEGIN;
        DROP TABLE IF EXISTS timeplays;
        CREATE TABLE IF NOT EXISTS timeplays (
            start_time timestamp NOT NULL,
            "hour" int4,
            "day" int4,
            week int4,
            "month" varchar(256),
            "year" int4,
            weekday varchar(256),
            CONSTRAINT time_pkey PRIMARY KEY (start_time)
        );
        COMMIT;
    , parameters: None
[2021-04-06 03:04:39,340] {dbapi.py:186} INFO - Rows affected: -1
[2021-04-06 03:04:39,471] {taskinstance.py:1166} INFO - Marking task as SUCCESS. dag_id=udac_example_dag, task_id=Create_tables, execution_date=20210327T000000, start_date=20210406T030429, end_date=20210406T030439
[2021-04-06 03:04:39,685] {taskinstance.py:1220} INFO - 2 downstream tasks scheduled from follow-on schedule check
[2021-04-06 03:04:39,755] {local_task_job.py:146} INFO - Task exited with return code 0
