[2021-04-06 03:09:27,010] {taskinstance.py:851} INFO - Dependencies all met for <TaskInstance: udac_example_dag.Run_data_quality_checks 2021-04-03T00:00:00+00:00 [queued]>
[2021-04-06 03:09:27,028] {taskinstance.py:851} INFO - Dependencies all met for <TaskInstance: udac_example_dag.Run_data_quality_checks 2021-04-03T00:00:00+00:00 [queued]>
[2021-04-06 03:09:27,030] {taskinstance.py:1042} INFO - 
--------------------------------------------------------------------------------
[2021-04-06 03:09:27,031] {taskinstance.py:1043} INFO - Starting attempt 1 of 4
[2021-04-06 03:09:27,032] {taskinstance.py:1044} INFO - 
--------------------------------------------------------------------------------
[2021-04-06 03:09:27,046] {taskinstance.py:1063} INFO - Executing <Task(DataQualityOperator): Run_data_quality_checks> on 2021-04-03T00:00:00+00:00
[2021-04-06 03:09:27,051] {standard_task_runner.py:52} INFO - Started process 165 to run task
[2021-04-06 03:09:27,055] {standard_task_runner.py:76} INFO - Running: ['airflow', 'tasks', 'run', 'udac_example_dag', 'Run_data_quality_checks', '2021-04-03T00:00:00+00:00', '--job-id', '64', '--pool', 'default_pool', '--raw', '--subdir', 'DAGS_FOLDER/udac_example_dag.py', '--cfg-path', '/tmp/tmpwzcf95pf', '--error-file', '/tmp/tmp9lwr5p_m']
[2021-04-06 03:09:27,057] {standard_task_runner.py:77} INFO - Job 64: Subtask Run_data_quality_checks
[2021-04-06 03:09:27,105] {logging_mixin.py:104} INFO - Running <TaskInstance: udac_example_dag.Run_data_quality_checks 2021-04-03T00:00:00+00:00 [running]> on host 0ccaa9d2b3f1
[2021-04-06 03:09:27,149] {taskinstance.py:1257} INFO - Exporting the following env vars:
AIRFLOW_CTX_DAG_OWNER=udacity
AIRFLOW_CTX_DAG_ID=udac_example_dag
AIRFLOW_CTX_TASK_ID=Run_data_quality_checks
AIRFLOW_CTX_EXECUTION_DATE=2021-04-03T00:00:00+00:00
AIRFLOW_CTX_DAG_RUN_ID=scheduled__2021-04-03T00:00:00+00:00
[2021-04-06 03:09:27,160] {base.py:74} INFO - Using connection to: id: redshift. Host: sparkify-redshift.c5c7ovgg2wrr.us-west-2.redshift.amazonaws.com, Port: 5439, Schema: sparkify-song-analytics, Login: data.engineer, Password: XXXXXXXX, extra: None
[2021-04-06 03:09:27,880] {data_quality.py:33} INFO - Data quality on table staging_events check passed with 40280 records
[2021-04-06 03:09:27,890] {base.py:74} INFO - Using connection to: id: redshift. Host: sparkify-redshift.c5c7ovgg2wrr.us-west-2.redshift.amazonaws.com, Port: 5439, Schema: sparkify-song-analytics, Login: data.engineer, Password: XXXXXXXX, extra: None
[2021-04-06 03:09:28,832] {data_quality.py:33} INFO - Data quality on table staging_songs check passed with 14896 records
[2021-04-06 03:09:28,841] {base.py:74} INFO - Using connection to: id: redshift. Host: sparkify-redshift.c5c7ovgg2wrr.us-west-2.redshift.amazonaws.com, Port: 5439, Schema: sparkify-song-analytics, Login: data.engineer, Password: XXXXXXXX, extra: None
[2021-04-06 03:09:29,869] {data_quality.py:33} INFO - Data quality on table users check passed with 104 records
[2021-04-06 03:09:29,883] {base.py:74} INFO - Using connection to: id: redshift. Host: sparkify-redshift.c5c7ovgg2wrr.us-west-2.redshift.amazonaws.com, Port: 5439, Schema: sparkify-song-analytics, Login: data.engineer, Password: XXXXXXXX, extra: None
[2021-04-06 03:09:30,746] {data_quality.py:33} INFO - Data quality on table timeplays check passed with 34100 records
[2021-04-06 03:09:30,757] {base.py:74} INFO - Using connection to: id: redshift. Host: sparkify-redshift.c5c7ovgg2wrr.us-west-2.redshift.amazonaws.com, Port: 5439, Schema: sparkify-song-analytics, Login: data.engineer, Password: XXXXXXXX, extra: None
[2021-04-06 03:09:31,524] {data_quality.py:33} INFO - Data quality on table artists check passed with 10025 records
[2021-04-06 03:09:31,539] {base.py:74} INFO - Using connection to: id: redshift. Host: sparkify-redshift.c5c7ovgg2wrr.us-west-2.redshift.amazonaws.com, Port: 5439, Schema: sparkify-song-analytics, Login: data.engineer, Password: XXXXXXXX, extra: None
[2021-04-06 03:09:32,371] {data_quality.py:33} INFO - Data quality on table songs check passed with 14896 records
[2021-04-06 03:09:32,383] {base.py:74} INFO - Using connection to: id: redshift. Host: sparkify-redshift.c5c7ovgg2wrr.us-west-2.redshift.amazonaws.com, Port: 5439, Schema: sparkify-song-analytics, Login: data.engineer, Password: XXXXXXXX, extra: None
[2021-04-06 03:09:33,411] {data_quality.py:33} INFO - Data quality on table songplays check passed with 34100 records
[2021-04-06 03:09:33,429] {taskinstance.py:1166} INFO - Marking task as SUCCESS. dag_id=udac_example_dag, task_id=Run_data_quality_checks, execution_date=20210403T000000, start_date=20210406T030927, end_date=20210406T030933
[2021-04-06 03:09:33,467] {taskinstance.py:1220} INFO - 1 downstream tasks scheduled from follow-on schedule check
[2021-04-06 03:09:33,508] {local_task_job.py:146} INFO - Task exited with return code 0
