[2021-04-06 03:18:19,526] {taskinstance.py:851} INFO - Dependencies all met for <TaskInstance: udac_example_dag.Run_data_quality_checks 2021-03-26T00:00:00+00:00 [queued]>
[2021-04-06 03:18:19,546] {taskinstance.py:851} INFO - Dependencies all met for <TaskInstance: udac_example_dag.Run_data_quality_checks 2021-03-26T00:00:00+00:00 [queued]>
[2021-04-06 03:18:19,547] {taskinstance.py:1042} INFO - 
--------------------------------------------------------------------------------
[2021-04-06 03:18:19,548] {taskinstance.py:1043} INFO - Starting attempt 3 of 4
[2021-04-06 03:18:19,548] {taskinstance.py:1044} INFO - 
--------------------------------------------------------------------------------
[2021-04-06 03:18:19,562] {taskinstance.py:1063} INFO - Executing <Task(DataQualityOperator): Run_data_quality_checks> on 2021-03-26T00:00:00+00:00
[2021-04-06 03:18:19,570] {standard_task_runner.py:52} INFO - Started process 237 to run task
[2021-04-06 03:18:19,575] {standard_task_runner.py:76} INFO - Running: ['airflow', 'tasks', 'run', 'udac_example_dag', 'Run_data_quality_checks', '2021-03-26T00:00:00+00:00', '--job-id', '100', '--pool', 'default_pool', '--raw', '--subdir', 'DAGS_FOLDER/udac_example_dag.py', '--cfg-path', '/tmp/tmp3x5vtat3', '--error-file', '/tmp/tmpc1vmgu4t']
[2021-04-06 03:18:19,577] {standard_task_runner.py:77} INFO - Job 100: Subtask Run_data_quality_checks
[2021-04-06 03:18:19,633] {logging_mixin.py:104} INFO - Running <TaskInstance: udac_example_dag.Run_data_quality_checks 2021-03-26T00:00:00+00:00 [running]> on host 0ccaa9d2b3f1
[2021-04-06 03:18:19,679] {taskinstance.py:1257} INFO - Exporting the following env vars:
AIRFLOW_CTX_DAG_OWNER=udacity
AIRFLOW_CTX_DAG_ID=udac_example_dag
AIRFLOW_CTX_TASK_ID=Run_data_quality_checks
AIRFLOW_CTX_EXECUTION_DATE=2021-03-26T00:00:00+00:00
AIRFLOW_CTX_DAG_RUN_ID=scheduled__2021-03-26T00:00:00+00:00
[2021-04-06 03:18:19,690] {base.py:74} INFO - Using connection to: id: redshift. Host: sparkify-redshift.c5c7ovgg2wrr.us-west-2.redshift.amazonaws.com, Port: 5439, Schema: sparkify-song-analytics, Login: data.engineer, Password: XXXXXXXX, extra: None
[2021-04-06 03:18:20,616] {data_quality.py:33} INFO - Data quality on table staging_events check passed with 8056 records
[2021-04-06 03:18:20,627] {base.py:74} INFO - Using connection to: id: redshift. Host: sparkify-redshift.c5c7ovgg2wrr.us-west-2.redshift.amazonaws.com, Port: 5439, Schema: sparkify-song-analytics, Login: data.engineer, Password: XXXXXXXX, extra: None
[2021-04-06 03:18:21,370] {data_quality.py:33} INFO - Data quality on table staging_songs check passed with 14896 records
[2021-04-06 03:18:21,381] {base.py:74} INFO - Using connection to: id: redshift. Host: sparkify-redshift.c5c7ovgg2wrr.us-west-2.redshift.amazonaws.com, Port: 5439, Schema: sparkify-song-analytics, Login: data.engineer, Password: XXXXXXXX, extra: None
[2021-04-06 03:18:22,296] {data_quality.py:33} INFO - Data quality on table users check passed with 104 records
[2021-04-06 03:18:22,305] {base.py:74} INFO - Using connection to: id: redshift. Host: sparkify-redshift.c5c7ovgg2wrr.us-west-2.redshift.amazonaws.com, Port: 5439, Schema: sparkify-song-analytics, Login: data.engineer, Password: XXXXXXXX, extra: None
[2021-04-06 03:18:23,209] {data_quality.py:33} INFO - Data quality on table timeplays check passed with 6820 records
[2021-04-06 03:18:23,218] {base.py:74} INFO - Using connection to: id: redshift. Host: sparkify-redshift.c5c7ovgg2wrr.us-west-2.redshift.amazonaws.com, Port: 5439, Schema: sparkify-song-analytics, Login: data.engineer, Password: XXXXXXXX, extra: None
[2021-04-06 03:18:24,039] {data_quality.py:33} INFO - Data quality on table artists check passed with 10025 records
[2021-04-06 03:18:24,061] {base.py:74} INFO - Using connection to: id: redshift. Host: sparkify-redshift.c5c7ovgg2wrr.us-west-2.redshift.amazonaws.com, Port: 5439, Schema: sparkify-song-analytics, Login: data.engineer, Password: XXXXXXXX, extra: None
[2021-04-06 03:18:24,972] {data_quality.py:33} INFO - Data quality on table songs check passed with 14896 records
[2021-04-06 03:18:24,985] {base.py:74} INFO - Using connection to: id: redshift. Host: sparkify-redshift.c5c7ovgg2wrr.us-west-2.redshift.amazonaws.com, Port: 5439, Schema: sparkify-song-analytics, Login: data.engineer, Password: XXXXXXXX, extra: None
[2021-04-06 03:18:25,798] {data_quality.py:33} INFO - Data quality on table songplays check passed with 6820 records
[2021-04-06 03:18:25,817] {taskinstance.py:1166} INFO - Marking task as SUCCESS. dag_id=udac_example_dag, task_id=Run_data_quality_checks, execution_date=20210326T000000, start_date=20210406T031819, end_date=20210406T031825
[2021-04-06 03:18:25,866] {taskinstance.py:1220} INFO - 1 downstream tasks scheduled from follow-on schedule check
[2021-04-06 03:18:25,884] {local_task_job.py:146} INFO - Task exited with return code 0
