[2021-04-06 03:14:39,712] {taskinstance.py:851} INFO - Dependencies all met for <TaskInstance: udac_example_dag.Load_events_from_s3_to_redshift 2021-04-01T00:00:00+00:00 [queued]>
[2021-04-06 03:14:39,737] {taskinstance.py:851} INFO - Dependencies all met for <TaskInstance: udac_example_dag.Load_events_from_s3_to_redshift 2021-04-01T00:00:00+00:00 [queued]>
[2021-04-06 03:14:39,738] {taskinstance.py:1042} INFO - 
--------------------------------------------------------------------------------
[2021-04-06 03:14:39,739] {taskinstance.py:1043} INFO - Starting attempt 1 of 4
[2021-04-06 03:14:39,740] {taskinstance.py:1044} INFO - 
--------------------------------------------------------------------------------
[2021-04-06 03:14:39,753] {taskinstance.py:1063} INFO - Executing <Task(StageToRedshiftOperator): Load_events_from_s3_to_redshift> on 2021-04-01T00:00:00+00:00
[2021-04-06 03:14:39,763] {standard_task_runner.py:52} INFO - Started process 192 to run task
[2021-04-06 03:14:39,768] {standard_task_runner.py:76} INFO - Running: ['airflow', 'tasks', 'run', 'udac_example_dag', 'Load_events_from_s3_to_redshift', '2021-04-01T00:00:00+00:00', '--job-id', '77', '--pool', 'default_pool', '--raw', '--subdir', 'DAGS_FOLDER/udac_example_dag.py', '--cfg-path', '/tmp/tmppw8yc3ui', '--error-file', '/tmp/tmp4if6mlgk']
[2021-04-06 03:14:39,776] {standard_task_runner.py:77} INFO - Job 77: Subtask Load_events_from_s3_to_redshift
[2021-04-06 03:14:39,845] {logging_mixin.py:104} INFO - Running <TaskInstance: udac_example_dag.Load_events_from_s3_to_redshift 2021-04-01T00:00:00+00:00 [running]> on host 0ccaa9d2b3f1
[2021-04-06 03:14:39,914] {taskinstance.py:1257} INFO - Exporting the following env vars:
AIRFLOW_CTX_DAG_OWNER=udacity
AIRFLOW_CTX_DAG_ID=udac_example_dag
AIRFLOW_CTX_TASK_ID=Load_events_from_s3_to_redshift
AIRFLOW_CTX_EXECUTION_DATE=2021-04-01T00:00:00+00:00
AIRFLOW_CTX_DAG_RUN_ID=scheduled__2021-04-01T00:00:00+00:00
[2021-04-06 03:14:39,916] {stage_redshift.py:33} INFO - Clearing staging table staging_events in Redshift
[2021-04-06 03:14:39,931] {base.py:74} INFO - Using connection to: id: redshift. Host: sparkify-redshift.c5c7ovgg2wrr.us-west-2.redshift.amazonaws.com, Port: 5439, Schema: sparkify-song-analytics, Login: data.engineer, Password: XXXXXXXX, extra: None
[2021-04-06 03:14:40,560] {dbapi.py:180} INFO - Running statement: 
        BEGIN; 
        DELETE FROM staging_events; 
        COMMIT;
    , parameters: None
[2021-04-06 03:14:40,899] {dbapi.py:186} INFO - Rows affected: -1
[2021-04-06 03:14:40,985] {stage_redshift.py:40} INFO - Copying data from S3 to staging table in Redshift
[2021-04-06 03:14:40,987] {base_aws.py:362} INFO - Airflow Connection: aws_conn_id=aws_credentials
[2021-04-06 03:14:40,999] {base_aws.py:160} INFO - Credentials retrieved from login
[2021-04-06 03:14:41,000] {base_aws.py:81} INFO - Creating session with aws_access_key_id=AKIAXV53R5BDTO7XCN5L region_name=('us-west-2',)
[2021-04-06 03:14:41,016] {base_aws.py:151} INFO - role_arn is None
[2021-04-06 03:14:41,025] {base.py:74} INFO - Using connection to: id: redshift. Host: sparkify-redshift.c5c7ovgg2wrr.us-west-2.redshift.amazonaws.com, Port: 5439, Schema: sparkify-song-analytics, Login: data.engineer, Password: XXXXXXXX, extra: None
[2021-04-06 03:14:41,598] {dbapi.py:180} INFO - Running statement: 
        COPY staging_events
        FROM 's3://udacity-dend/log_data'
        ACCESS_KEY_ID 'AKIAXV53R5BDTO7XCN5L'
        SECRET_ACCESS_KEY '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'
        JSON 's3://udacity-dend/log_json_path.json';
    , parameters: None
[2021-04-06 03:14:49,237] {dbapi.py:186} INFO - Rows affected: -1
[2021-04-06 03:14:49,537] {taskinstance.py:1166} INFO - Marking task as SUCCESS. dag_id=udac_example_dag, task_id=Load_events_from_s3_to_redshift, execution_date=20210401T000000, start_date=20210406T031439, end_date=20210406T031449
[2021-04-06 03:14:49,591] {taskinstance.py:1220} INFO - 0 downstream tasks scheduled from follow-on schedule check
[2021-04-06 03:14:49,645] {local_task_job.py:146} INFO - Task exited with return code 0
